<?xml version="1.0" encoding="UTF-8"?>
<!-- Generated by org.testng.reporters.JUnitReportReporter -->
<testsuite hostname="DESKTOP-KM2I55T" name="testcases.LoginTest" tests="1" failures="0" timestamp="22 Feb 2023 04:10:06 GMT" time="1.308" errors="0">
  <testcase name="LoginIntoApplication" time="1.308" classname="testcases.LoginTest"/>
</testsuite> <!-- testcases.LoginTest -->
